This file contains any messages produced by compilers while
running configure, to aid debugging if configure makes a mistake.

It was created by libfftpack configure 0.4, which was
generated by GNU Autoconf 2.69.  Invocation command line was

  $ ./configure 

## --------- ##
## Platform. ##
## --------- ##

hostname = cisl-florence
uname -m = x86_64
uname -r = 13.4.0
uname -s = Darwin
uname -v = Darwin Kernel Version 13.4.0: Wed Mar 18 16:20:14 PDT 2015; root:xnu-2422.115.14~1/RELEASE_X86_64

/usr/bin/uname -p = i386
/bin/uname -X     = unknown

/bin/arch              = unknown
/usr/bin/arch -k       = unknown
/usr/convex/getsysinfo = unknown
/usr/bin/hostinfo      = Mach kernel version:
	 Darwin Kernel Version 13.4.0: Wed Mar 18 16:20:14 PDT 2015; root:xnu-2422.115.14~1/RELEASE_X86_64
Kernel configured for up to 4 processors.
2 processors are physically available.
4 processors are logically available.
Processor type: i486 (Intel 80486)
Processors active: 0 1 2 3
Primary memory available: 16.00 gigabytes
Default processor set: 174 tasks, 826 threads, 4 processors
Load average: 1.83, Mach factor: 2.26
/bin/machine           = unknown
/usr/bin/oslevel       = unknown
/bin/universe          = unknown

PATH: /Users/pnichols/perl5/perlbrew/bin
PATH: /Users/pnichols/perl5/perlbrew/perls/perl-5.16.0/bin
PATH: /usr/local/octave/3.8.0/bin
PATH: /Users/pnichols/gcc-5.2/bin
PATH: /Users/pnichols/ompi/bin
PATH: /Users/pnichols/bin
PATH: /Users/pnichols/eclipse
PATH: /usr/bin
PATH: /bin
PATH: /usr/sbin
PATH: /sbin
PATH: /usr/local/bin
PATH: /opt/X11/bin
PATH: /opt/local/bin


## ----------- ##
## Core tests. ##
## ----------- ##

configure:2255: checking for a BSD-compatible install
configure:2323: result: /usr/bin/install -c
configure:2334: checking whether build environment is sane
configure:2389: result: yes
configure:2540: checking for a thread-safe mkdir -p
configure:2579: result: ./install-sh -c -d
configure:2586: checking for gawk
configure:2602: found /usr/local/octave/3.8.0/bin/gawk
configure:2613: result: gawk
configure:2624: checking whether make sets $(MAKE)
configure:2646: result: yes
configure:2675: checking whether make supports nested variables
configure:2692: result: yes
configure:2925: checking for Fortran 77 compiler version
configure:2934: gfortran --version >&5
GNU Fortran (GCC) 4.9.0
Copyright (C) 2014 Free Software Foundation, Inc.

GNU Fortran comes with NO WARRANTY, to the extent permitted by law.
You may redistribute copies of GNU Fortran
under the terms of the GNU General Public License.
For more information about these matters, see the file named COPYING

configure:2945: $? = 0
configure:2934: gfortran -v >&5
Using built-in specs.
COLLECT_GCC=gfortran
COLLECT_LTO_WRAPPER=/usr/local/gfortran/libexec/gcc/x86_64-apple-darwin13/4.9.0/lto-wrapper
Target: x86_64-apple-darwin13
Configured with: ../gcc-4.9.0/configure --prefix=/usr/local/gfortran --with-gmp=/Users/fx/devel/gcc/deps-static/x86_64 --build=x86_64-apple-darwin13 --enable-languages=c,c++,fortran,objc,obj-c++
Thread model: posix
gcc version 4.9.0 (GCC) 
configure:2945: $? = 0
configure:2934: gfortran -V >&5
gfortran: error: unrecognized command line option '-V'
gfortran: fatal error: no input files
compilation terminated.
configure:2945: $? = 1
configure:2934: gfortran -qversion >&5
gfortran: error: unrecognized command line option '-qversion'
gfortran: fatal error: no input files
compilation terminated.
configure:2945: $? = 1
configure:2960: checking whether the Fortran 77 compiler works
configure:2982: gfortran   conftest.f  >&5
configure:2986: $? = 0
configure:3034: result: yes
configure:3037: checking for Fortran 77 compiler default output file name
configure:3039: result: a.out
configure:3045: checking for suffix of executables
configure:3052: gfortran -o conftest   conftest.f  >&5
configure:3056: $? = 0
configure:3078: result: 
configure:3094: checking whether we are cross compiling
configure:3102: gfortran -o conftest   conftest.f  >&5
configure:3106: $? = 0
configure:3113: ./conftest
configure:3117: $? = 0
configure:3132: result: no
configure:3137: checking for suffix of object files
configure:3153: gfortran -c  conftest.f >&5
configure:3157: $? = 0
configure:3178: result: o
configure:3186: checking whether we are using the GNU Fortran 77 compiler
configure:3199: gfortran -c  conftest.F >&5
configure:3199: $? = 0
configure:3208: result: yes
configure:3214: checking whether gfortran accepts -g
configure:3225: gfortran -c -g conftest.f >&5
configure:3225: $? = 0
configure:3233: result: yes
configure:3292: checking build system type
configure:3306: result: x86_64-apple-darwin13.4.0
configure:3326: checking host system type
configure:3339: result: x86_64-apple-darwin13.4.0
configure:3380: checking how to print strings
configure:3407: result: printf
configure:3440: checking for style of include used by make
configure:3468: result: GNU
configure:3539: checking for gcc
configure:3555: found /usr/bin/gcc
configure:3566: result: gcc
configure:3795: checking for C compiler version
configure:3804: gcc --version >&5
Apple LLVM version 6.0 (clang-600.0.56) (based on LLVM 3.5svn)
Target: x86_64-apple-darwin13.4.0
Thread model: posix
Configured with: --prefix=/Applications/Xcode.app/Contents/Developer/usr --with-gxx-include-dir=/usr/include/c++/4.2.1
configure:3815: $? = 0
configure:3804: gcc -v >&5
Configured with: --prefix=/Applications/Xcode.app/Contents/Developer/usr --with-gxx-include-dir=/usr/include/c++/4.2.1
Apple LLVM version 6.0 (clang-600.0.56) (based on LLVM 3.5svn)
Target: x86_64-apple-darwin13.4.0
Thread model: posix
configure:3815: $? = 0
configure:3804: gcc -V >&5
clang: error: argument to '-V' is missing (expected 1 value)
clang: error: no input files
configure:3815: $? = 1
configure:3804: gcc -qversion >&5
clang: error: unknown argument: '-qversion'
clang: error: no input files
configure:3815: $? = 1
configure:3819: checking whether we are using the GNU C compiler
configure:3838: gcc -c   conftest.c >&5
configure:3838: $? = 0
configure:3847: result: yes
configure:3856: checking whether gcc accepts -g
configure:3876: gcc -c -g  conftest.c >&5
configure:3876: $? = 0
configure:3917: result: yes
configure:3934: checking for gcc option to accept ISO C89
configure:3997: gcc  -c -g -O2  conftest.c >&5
configure:3997: $? = 0
configure:4010: result: none needed
configure:4035: checking whether gcc understands -c and -o together
configure:4057: gcc -c conftest.c -o conftest2.o
configure:4060: $? = 0
configure:4057: gcc -c conftest.c -o conftest2.o
configure:4060: $? = 0
configure:4072: result: yes
configure:4091: checking dependency style of gcc
configure:4202: result: none
configure:4217: checking for a sed that does not truncate output
configure:4281: result: /usr/local/octave/3.8.0/bin/gsed
configure:4299: checking for grep that handles long lines and -e
configure:4357: result: /usr/local/octave/3.8.0/bin/grep
configure:4362: checking for egrep
configure:4424: result: /usr/local/octave/3.8.0/bin/grep -E
configure:4429: checking for fgrep
configure:4491: result: /usr/local/octave/3.8.0/bin/grep -F
configure:4526: checking for ld used by gcc
configure:4593: result: /Applications/Xcode.app/Contents/Developer/Toolchains/XcodeDefault.xctoolchain/usr/bin/ld
configure:4600: checking if the linker (/Applications/Xcode.app/Contents/Developer/Toolchains/XcodeDefault.xctoolchain/usr/bin/ld) is GNU ld
configure:4615: result: no
configure:4627: checking for BSD- or MS-compatible name lister (nm)
configure:4676: result: /usr/local/octave/3.8.0/bin/nm
configure:4806: checking the name lister (/usr/local/octave/3.8.0/bin/nm) interface
configure:4813: gcc -c -g -O2  conftest.c >&5
configure:4816: /usr/local/octave/3.8.0/bin/nm "conftest.o"
configure:4819: output
000000000000022c S _some_variable
configure:4826: result: BSD nm
configure:4829: checking whether ln -s works
configure:4833: result: yes
configure:4841: checking the maximum length of command line arguments
configure:4971: result: 196608
configure:4988: checking whether the shell understands some XSI constructs
configure:4998: result: yes
configure:5002: checking whether the shell understands "+="
configure:5008: result: yes
configure:5043: checking how to convert x86_64-apple-darwin13.4.0 file names to x86_64-apple-darwin13.4.0 format
configure:5083: result: func_convert_file_noop
configure:5090: checking how to convert x86_64-apple-darwin13.4.0 file names to toolchain format
configure:5110: result: func_convert_file_noop
configure:5117: checking for /Applications/Xcode.app/Contents/Developer/Toolchains/XcodeDefault.xctoolchain/usr/bin/ld option to reload object files
configure:5124: result: -r
configure:5198: checking for objdump
configure:5228: result: no
configure:5257: checking how to recognize dependent libraries
configure:5459: result: pass_all
configure:5544: checking for dlltool
configure:5574: result: no
configure:5604: checking how to associate runtime and link libraries
configure:5631: result: printf %s\n
configure:5692: checking for ar
configure:5708: found /usr/local/octave/3.8.0/bin/ar
configure:5719: result: ar
configure:5756: checking for archiver @FILE support
configure:5773: gcc -c -g -O2  conftest.c >&5
configure:5773: $? = 0
configure:5776: ar cru libconftest.a @conftest.lst >&5
ar: @conftest.lst: No such file or directory
configure:5779: $? = 1
configure:5799: result: no
configure:5857: checking for strip
configure:5873: found /usr/local/octave/3.8.0/bin/strip
configure:5884: result: strip
configure:5956: checking for ranlib
configure:5972: found /usr/local/octave/3.8.0/bin/ranlib
configure:5983: result: ranlib
configure:6085: checking command to parse /usr/local/octave/3.8.0/bin/nm output from gcc object
configure:6205: gcc -c -g -O2  conftest.c >&5
configure:6208: $? = 0
configure:6212: /usr/local/octave/3.8.0/bin/nm conftest.o \| sed -n -e 's/^.*[ ]\([BCDEGRST][BCDEGRST]*\)[ ][ ]*\([_A-Za-z][_A-Za-z0-9]*\)$/\1 \2 \2/p' | sed '/ __gnu_lto/d' \> conftest.nm
configure:6215: $? = 0
cannot find nm_test_var in conftest.nm
configure:6205: gcc -c -g -O2  conftest.c >&5
configure:6208: $? = 0
configure:6212: /usr/local/octave/3.8.0/bin/nm conftest.o \| sed -n -e 's/^.*[ ]\([BCDEGRST][BCDEGRST]*\)[ ][ ]*_\([_A-Za-z][_A-Za-z0-9]*\)$/\1 _\2 \2/p' | sed '/ __gnu_lto/d' \> conftest.nm
configure:6215: $? = 0
configure:6281: gcc -o conftest -g -O2   conftest.c conftstm.o >&5
ld: warning: directory not found for option '-L/lib'
configure:6284: $? = 0
configure:6322: result: ok
configure:6359: checking for sysroot
configure:6389: result: no
configure:6645: checking for mt
configure:6675: result: no
configure:6695: checking if : is a manifest tool
configure:6701: : '-?'
configure:6709: result: no
configure:6765: checking for dsymutil
configure:6781: found /usr/bin/dsymutil
configure:6792: result: dsymutil
configure:6857: checking for nmedit
configure:6873: found /usr/local/octave/3.8.0/bin/nmedit
configure:6884: result: nmedit
configure:6949: checking for lipo
configure:6965: found /usr/local/octave/3.8.0/bin/lipo
configure:6976: result: lipo
configure:7041: checking for otool
configure:7057: found /usr/local/octave/3.8.0/bin/otool
configure:7068: result: otool
configure:7133: checking for otool64
configure:7163: result: no
configure:7208: checking for -single_module linker flag
gcc -g -O2  -o libconftest.dylib -dynamiclib -Wl,-single_module conftest.c
configure:7241: result: yes
configure:7244: checking for -exported_symbols_list linker flag
configure:7264: gcc -o conftest -g -O2   -Wl,-exported_symbols_list,conftest.sym conftest.c  >&5
ld: warning: directory not found for option '-L/lib'
configure:7264: $? = 0
configure:7274: result: yes
configure:7277: checking for -force_load linker flag
gcc -g -O2 -c -o conftest.o conftest.c
ar cru libconftest.a conftest.o
ranlib libconftest.a
gcc -g -O2  -o conftest conftest.c -Wl,-force_load,./libconftest.a
configure:7309: result: yes
configure:7351: checking how to run the C preprocessor
configure:7382: gcc -E  conftest.c
configure:7382: $? = 0
configure:7396: gcc -E  conftest.c
conftest.c:11:10: fatal error: 'ac_nonexistent.h' file not found
#include <ac_nonexistent.h>
         ^
1 error generated.
configure:7396: $? = 1
configure: failed program was:
| /* confdefs.h */
| #define PACKAGE_NAME "libfftpack"
| #define PACKAGE_TARNAME "libfftpack"
| #define PACKAGE_VERSION "0.4"
| #define PACKAGE_STRING "libfftpack 0.4"
| #define PACKAGE_BUGREPORT "patrick.nichols@digitalglobe.com"
| #define PACKAGE_URL ""
| #define PACKAGE "libfftpack"
| #define VERSION "0.4"
| /* end confdefs.h.  */
| #include <ac_nonexistent.h>
configure:7421: result: gcc -E
configure:7441: gcc -E  conftest.c
configure:7441: $? = 0
configure:7455: gcc -E  conftest.c
conftest.c:11:10: fatal error: 'ac_nonexistent.h' file not found
#include <ac_nonexistent.h>
         ^
1 error generated.
configure:7455: $? = 1
configure: failed program was:
| /* confdefs.h */
| #define PACKAGE_NAME "libfftpack"
| #define PACKAGE_TARNAME "libfftpack"
| #define PACKAGE_VERSION "0.4"
| #define PACKAGE_STRING "libfftpack 0.4"
| #define PACKAGE_BUGREPORT "patrick.nichols@digitalglobe.com"
| #define PACKAGE_URL ""
| #define PACKAGE "libfftpack"
| #define VERSION "0.4"
| /* end confdefs.h.  */
| #include <ac_nonexistent.h>
configure:7484: checking for ANSI C header files
configure:7504: gcc -c -g -O2  conftest.c >&5
configure:7504: $? = 0
configure:7577: gcc -o conftest -g -O2   conftest.c  >&5
ld: warning: directory not found for option '-L/lib'
configure:7577: $? = 0
configure:7577: ./conftest
configure:7577: $? = 0
configure:7588: result: yes
configure:7601: checking for sys/types.h
configure:7601: gcc -c -g -O2  conftest.c >&5
configure:7601: $? = 0
configure:7601: result: yes
configure:7601: checking for sys/stat.h
configure:7601: gcc -c -g -O2  conftest.c >&5
configure:7601: $? = 0
configure:7601: result: yes
configure:7601: checking for stdlib.h
configure:7601: gcc -c -g -O2  conftest.c >&5
configure:7601: $? = 0
configure:7601: result: yes
configure:7601: checking for string.h
configure:7601: gcc -c -g -O2  conftest.c >&5
configure:7601: $? = 0
configure:7601: result: yes
configure:7601: checking for memory.h
configure:7601: gcc -c -g -O2  conftest.c >&5
configure:7601: $? = 0
configure:7601: result: yes
configure:7601: checking for strings.h
configure:7601: gcc -c -g -O2  conftest.c >&5
configure:7601: $? = 0
configure:7601: result: yes
configure:7601: checking for inttypes.h
configure:7601: gcc -c -g -O2  conftest.c >&5
configure:7601: $? = 0
configure:7601: result: yes
configure:7601: checking for stdint.h
configure:7601: gcc -c -g -O2  conftest.c >&5
configure:7601: $? = 0
configure:7601: result: yes
configure:7601: checking for unistd.h
configure:7601: gcc -c -g -O2  conftest.c >&5
configure:7601: $? = 0
configure:7601: result: yes
configure:7615: checking for dlfcn.h
configure:7615: gcc -c -g -O2  conftest.c >&5
configure:7615: $? = 0
configure:7615: result: yes
configure:7822: checking for objdir
configure:7837: result: .libs
configure:8108: checking if gcc supports -fno-rtti -fno-exceptions
configure:8126: gcc -c -g -O2  -fno-rtti -fno-exceptions conftest.c >&5
configure:8130: $? = 0
configure:8143: result: yes
configure:8470: checking for gcc option to produce PIC
configure:8477: result: -fno-common -DPIC
configure:8485: checking if gcc PIC flag -fno-common -DPIC works
configure:8503: gcc -c -g -O2  -fno-common -DPIC -DPIC conftest.c >&5
configure:8507: $? = 0
configure:8520: result: yes
configure:8549: checking if gcc static flag -static works
configure:8577: result: no
configure:8592: checking if gcc supports -c -o file.o
configure:8613: gcc -c -g -O2  -o out/conftest2.o conftest.c >&5
configure:8617: $? = 0
configure:8639: result: yes
configure:8647: checking if gcc supports -c -o file.o
configure:8694: result: yes
configure:8727: checking whether the gcc linker (/Applications/Xcode.app/Contents/Developer/Toolchains/XcodeDefault.xctoolchain/usr/bin/ld) supports shared libraries
configure:9880: result: yes
configure:10120: checking dynamic linker characteristics
configure:10853: result: darwin13.4.0 dyld
configure:10960: checking how to hardcode library paths into programs
configure:10985: result: immediate
configure:11525: checking whether stripping libraries is possible
configure:11539: result: yes
configure:11565: checking if libtool supports shared libraries
configure:11567: result: yes
configure:11570: checking whether to build shared libraries
configure:11591: result: yes
configure:11594: checking whether to build static libraries
configure:11598: result: yes
configure:11722: checking if libtool supports shared libraries
configure:11724: result: yes
configure:11727: checking whether to build shared libraries
configure:11747: result: yes
configure:11750: checking whether to build static libraries
configure:11754: result: yes
configure:12075: checking for gfortran option to produce PIC
configure:12082: result: -fno-common
configure:12090: checking if gfortran PIC flag -fno-common works
configure:12108: gfortran -c -g -O2 -fno-common conftest.f >&5
configure:12112: $? = 0
configure:12125: result: yes
configure:12148: checking if gfortran static flag -static works
configure:12176: result: no
configure:12188: checking if gfortran supports -c -o file.o
configure:12209: gfortran -c -g -O2 -o out/conftest2.o conftest.f >&5
configure:12213: $? = 0
configure:12235: result: yes
configure:12240: checking if gfortran supports -c -o file.o
configure:12287: result: yes
configure:12317: checking whether the gfortran linker (/Applications/Xcode.app/Contents/Developer/Toolchains/XcodeDefault.xctoolchain/usr/bin/ld) supports shared libraries
configure:13420: result: yes
configure:13561: checking dynamic linker characteristics
configure:14222: result: darwin13.4.0 dyld
configure:14275: checking how to hardcode library paths into programs
configure:14300: result: immediate
configure:14352: checking whether ln -s works
configure:14356: result: yes
configure:14489: checking that generated files are newer than configure
configure:14495: result: done
configure:14518: creating ./config.status

## ---------------------- ##
## Running config.status. ##
## ---------------------- ##

This file was extended by libfftpack config.status 0.4, which was
generated by GNU Autoconf 2.69.  Invocation command line was

  CONFIG_FILES    = 
  CONFIG_HEADERS  = 
  CONFIG_LINKS    = 
  CONFIG_COMMANDS = 
  $ ./config.status 

on cisl-florence

config.status:1127: creating Makefile
config.status:1127: creating src/Makefile
config.status:1127: creating test/Makefile
config.status:1127: creating config.h
config.status:1356: executing depfiles commands
config.status:1356: executing libtool commands

## ---------------- ##
## Cache variables. ##
## ---------------- ##

ac_cv_build=x86_64-apple-darwin13.4.0
ac_cv_c_compiler_gnu=yes
ac_cv_env_CC_set=
ac_cv_env_CC_value=
ac_cv_env_CFLAGS_set=
ac_cv_env_CFLAGS_value=
ac_cv_env_CPPFLAGS_set=
ac_cv_env_CPPFLAGS_value=
ac_cv_env_CPP_set=
ac_cv_env_CPP_value=
ac_cv_env_F77_set=set
ac_cv_env_F77_value=gfortran
ac_cv_env_FFLAGS_set=
ac_cv_env_FFLAGS_value=
ac_cv_env_LDFLAGS_set=
ac_cv_env_LDFLAGS_value=
ac_cv_env_LIBS_set=
ac_cv_env_LIBS_value=
ac_cv_env_build_alias_set=
ac_cv_env_build_alias_value=
ac_cv_env_host_alias_set=
ac_cv_env_host_alias_value=
ac_cv_env_target_alias_set=
ac_cv_env_target_alias_value=
ac_cv_f77_compiler_gnu=yes
ac_cv_header_dlfcn_h=yes
ac_cv_header_inttypes_h=yes
ac_cv_header_memory_h=yes
ac_cv_header_stdc=yes
ac_cv_header_stdint_h=yes
ac_cv_header_stdlib_h=yes
ac_cv_header_string_h=yes
ac_cv_header_strings_h=yes
ac_cv_header_sys_stat_h=yes
ac_cv_header_sys_types_h=yes
ac_cv_header_unistd_h=yes
ac_cv_host=x86_64-apple-darwin13.4.0
ac_cv_objext=o
ac_cv_path_EGREP='/usr/local/octave/3.8.0/bin/grep -E'
ac_cv_path_FGREP='/usr/local/octave/3.8.0/bin/grep -F'
ac_cv_path_GREP=/usr/local/octave/3.8.0/bin/grep
ac_cv_path_SED=/usr/local/octave/3.8.0/bin/gsed
ac_cv_path_install='/usr/bin/install -c'
ac_cv_prog_AWK=gawk
ac_cv_prog_CPP='gcc -E'
ac_cv_prog_ac_ct_AR=ar
ac_cv_prog_ac_ct_CC=gcc
ac_cv_prog_ac_ct_DSYMUTIL=dsymutil
ac_cv_prog_ac_ct_LIPO=lipo
ac_cv_prog_ac_ct_NMEDIT=nmedit
ac_cv_prog_ac_ct_OTOOL=otool
ac_cv_prog_ac_ct_RANLIB=ranlib
ac_cv_prog_ac_ct_STRIP=strip
ac_cv_prog_cc_c89=
ac_cv_prog_cc_g=yes
ac_cv_prog_f77_g=yes
ac_cv_prog_make_make_set=yes
am_cv_CC_dependencies_compiler_type=none
am_cv_make_support_nested_variables=yes
am_cv_prog_cc_c_o=yes
lt_cv_apple_cc_single_mod=yes
lt_cv_ar_at_file=no
lt_cv_deplibs_check_method=pass_all
lt_cv_file_magic_cmd='$MAGIC_CMD'
lt_cv_file_magic_test_file=
lt_cv_ld_exported_symbols_list=yes
lt_cv_ld_force_load=yes
lt_cv_ld_reload_flag=-r
lt_cv_nm_interface='BSD nm'
lt_cv_objdir=.libs
lt_cv_path_LD=/Applications/Xcode.app/Contents/Developer/Toolchains/XcodeDefault.xctoolchain/usr/bin/ld
lt_cv_path_NM=/usr/local/octave/3.8.0/bin/nm
lt_cv_path_mainfest_tool=no
lt_cv_prog_compiler_c_o=yes
lt_cv_prog_compiler_c_o_F77=yes
lt_cv_prog_compiler_pic='-fno-common -DPIC'
lt_cv_prog_compiler_pic_F77=-fno-common
lt_cv_prog_compiler_pic_works=yes
lt_cv_prog_compiler_pic_works_F77=yes
lt_cv_prog_compiler_rtti_exceptions=yes
lt_cv_prog_compiler_static_works=no
lt_cv_prog_compiler_static_works_F77=no
lt_cv_prog_gnu_ld=no
lt_cv_sharedlib_from_linklib_cmd='printf %s\n'
lt_cv_sys_global_symbol_pipe='sed -n -e '\''s/^.*[	 ]\([BCDEGRST][BCDEGRST]*\)[	 ][	 ]*_\([_A-Za-z][_A-Za-z0-9]*\)$/\1 _\2 \2/p'\'' | sed '\''/ __gnu_lto/d'\'''
lt_cv_sys_global_symbol_to_c_name_address='sed -n -e '\''s/^: \([^ ]*\)[ ]*$/  {\"\1\", (void *) 0},/p'\'' -e '\''s/^[BCDEGRST]* \([^ ]*\) \([^ ]*\)$/  {"\2", (void *) \&\2},/p'\'''
lt_cv_sys_global_symbol_to_c_name_address_lib_prefix='sed -n -e '\''s/^: \([^ ]*\)[ ]*$/  {\"\1\", (void *) 0},/p'\'' -e '\''s/^[BCDEGRST]* \([^ ]*\) \(lib[^ ]*\)$/  {"\2", (void *) \&\2},/p'\'' -e '\''s/^[BCDEGRST]* \([^ ]*\) \([^ ]*\)$/  {"lib\2", (void *) \&\2},/p'\'''
lt_cv_sys_global_symbol_to_cdecl='sed -n -e '\''s/^T .* \(.*\)$/extern int \1();/p'\'' -e '\''s/^[BCDEGRST]* .* \(.*\)$/extern char \1;/p'\'''
lt_cv_sys_max_cmd_len=196608
lt_cv_to_host_file_cmd=func_convert_file_noop
lt_cv_to_tool_file_cmd=func_convert_file_noop

## ----------------- ##
## Output variables. ##
## ----------------- ##

ACLOCAL='${SHELL} /Users/pnichols/autoconf_classic/fftpack5.2/missing aclocal-1.14'
AMDEPBACKSLASH='\'
AMDEP_FALSE='#'
AMDEP_TRUE=''
AMTAR='$${TAR-tar}'
AM_BACKSLASH='\'
AM_DEFAULT_V='$(AM_DEFAULT_VERBOSITY)'
AM_DEFAULT_VERBOSITY='1'
AM_FCFLAGS=''
AM_V='$(V)'
AR='ar'
AUTOCONF='${SHELL} /Users/pnichols/autoconf_classic/fftpack5.2/missing autoconf'
AUTOHEADER='${SHELL} /Users/pnichols/autoconf_classic/fftpack5.2/missing autoheader'
AUTOMAKE='${SHELL} /Users/pnichols/autoconf_classic/fftpack5.2/missing automake-1.14'
AWK='gawk'
CC='gcc'
CCDEPMODE='depmode=none'
CFLAGS='-g -O2'
CPP='gcc -E'
CPPFLAGS=''
CYGPATH_W='echo'
DEFS='-DHAVE_CONFIG_H'
DEPDIR='.deps'
DLLTOOL='false'
DSYMUTIL='dsymutil'
DUMPBIN=''
ECHO_C='\c'
ECHO_N=''
ECHO_T=''
EGREP='/usr/local/octave/3.8.0/bin/grep -E'
EXEEXT=''
F77='gfortran'
FFLAGS='-g -O2'
FGREP='/usr/local/octave/3.8.0/bin/grep -F'
GREP='/usr/local/octave/3.8.0/bin/grep'
INSTALL_DATA='${INSTALL} -m 644'
INSTALL_PROGRAM='${INSTALL}'
INSTALL_SCRIPT='${INSTALL}'
INSTALL_STRIP_PROGRAM='$(install_sh) -c -s'
LD='/Applications/Xcode.app/Contents/Developer/Toolchains/XcodeDefault.xctoolchain/usr/bin/ld'
LDFLAGS=''
LIBOBJS=''
LIBS=''
LIBTOOL='$(SHELL) $(top_builddir)/libtool'
LIPO='lipo'
LN_S='ln -s'
LTLIBOBJS=''
MAKEINFO='${SHELL} /Users/pnichols/autoconf_classic/fftpack5.2/missing makeinfo'
MANIFEST_TOOL=':'
MKDIR_P='./install-sh -c -d'
NM='/usr/local/octave/3.8.0/bin/nm'
NMEDIT='nmedit'
OBJDUMP='false'
OBJEXT='o'
OTOOL64=':'
OTOOL='otool'
PACKAGE='libfftpack'
PACKAGE_BUGREPORT='patrick.nichols@digitalglobe.com'
PACKAGE_NAME='libfftpack'
PACKAGE_STRING='libfftpack 0.4'
PACKAGE_TARNAME='libfftpack'
PACKAGE_URL=''
PACKAGE_VERSION='0.4'
PATH_SEPARATOR=':'
RANLIB='ranlib'
SED='/usr/local/octave/3.8.0/bin/gsed'
SET_MAKE=''
SHELL='/bin/sh'
STRIP='strip'
VERSION='0.4'
ac_ct_AR='ar'
ac_ct_CC='gcc'
ac_ct_DUMPBIN=''
ac_ct_F77=''
am__EXEEXT_FALSE=''
am__EXEEXT_TRUE='#'
am__fastdepCC_FALSE=''
am__fastdepCC_TRUE='#'
am__include='include'
am__isrc=''
am__leading_dot='.'
am__nodep='_no'
am__quote=''
am__tar='$${TAR-tar} chof - "$$tardir"'
am__untar='$${TAR-tar} xf -'
bindir='${exec_prefix}/bin'
build='x86_64-apple-darwin13.4.0'
build_alias=''
build_cpu='x86_64'
build_os='darwin13.4.0'
build_vendor='apple'
datadir='${datarootdir}'
datarootdir='${prefix}/share'
docdir='${datarootdir}/doc/${PACKAGE_TARNAME}'
dvidir='${docdir}'
exec_prefix='${prefix}'
host='x86_64-apple-darwin13.4.0'
host_alias=''
host_cpu='x86_64'
host_os='darwin13.4.0'
host_vendor='apple'
htmldir='${docdir}'
includedir='${prefix}/include'
infodir='${datarootdir}/info'
install_sh='${SHELL} /Users/pnichols/autoconf_classic/fftpack5.2/install-sh'
libdir='${exec_prefix}/lib'
libexecdir='${exec_prefix}/libexec'
localedir='${datarootdir}/locale'
localstatedir='${prefix}/var'
mandir='${datarootdir}/man'
mkdir_p='$(MKDIR_P)'
oldincludedir='/usr/include'
pdfdir='${docdir}'
prefix='/usr/local'
program_transform_name='s,x,x,'
psdir='${docdir}'
sbindir='${exec_prefix}/sbin'
sharedstatedir='${prefix}/com'
sysconfdir='${prefix}/etc'
target_alias=''

## ----------- ##
## confdefs.h. ##
## ----------- ##

/* confdefs.h */
#define PACKAGE_NAME "libfftpack"
#define PACKAGE_TARNAME "libfftpack"
#define PACKAGE_VERSION "0.4"
#define PACKAGE_STRING "libfftpack 0.4"
#define PACKAGE_BUGREPORT "patrick.nichols@digitalglobe.com"
#define PACKAGE_URL ""
#define PACKAGE "libfftpack"
#define VERSION "0.4"
#define STDC_HEADERS 1
#define HAVE_SYS_TYPES_H 1
#define HAVE_SYS_STAT_H 1
#define HAVE_STDLIB_H 1
#define HAVE_STRING_H 1
#define HAVE_MEMORY_H 1
#define HAVE_STRINGS_H 1
#define HAVE_INTTYPES_H 1
#define HAVE_STDINT_H 1
#define HAVE_UNISTD_H 1
#define HAVE_DLFCN_H 1
#define LT_OBJDIR ".libs/"

configure: exit 0
